<?xml version="1.0" encoding="UTF-8"?>
<!-- Generated by org.testng.reporters.JUnitReportReporter -->
<<<<<<< HEAD
<testsuite hostname="DESKTOP-LLE4103" failures="0" tests="1" name="testcases.LoginValidCred" time="5.492" errors="0" timestamp="2022-09-27T13:37:54 IST" skipped="0">
  <testcase classname="testcases.LoginValidCred" name="loginWithValidCredentails" time="5.492"/>
=======
<testsuite hostname="LAPTOP-RDR3QR6H" failures="0" tests="1" name="testcases.LoginValidCred" time="3.679" errors="0" timestamp="2022-09-23T17:26:06 IST" skipped="0">
  <testcase classname="testcases.LoginValidCred" name="loginWithValidCredentails" time="3.679"/>
>>>>>>> branch 'master' of https://github.com/rageshragav/DemoJavaProj
  <system-out/>
</testsuite> <!-- testcases.LoginValidCred -->
