<?xml version="1.0" encoding="UTF-8"?>
<!-- Generated by org.testng.reporters.JUnitReportReporter -->
<testsuite hostname="LAPTOP-RDR3QR6H" failures="0" tests="2" name="testcases.AddBestSellerItemToWishList" time="55.130" errors="0" timestamp="2022-09-20T10:22:13 IST" skipped="0">
  <testcase classname="testcases.AddBestSellerItemToWishList" name="LoginPage" time="1.402"/>
  <system-out/>
  <testcase classname="testcases.AddBestSellerItemToWishList" name="BestSellerBook" time="53.728"/>
  <system-out/>
</testsuite> <!-- testcases.AddBestSellerItemToWishList -->
