<?xml version="1.0" encoding="UTF-8"?>
<!-- Generated by org.testng.reporters.JUnitReportReporter -->
<testsuite hostname="LAPTOP-RDR3QR6H" failures="0" tests="2" name="testcases.CreateNewCustomer" time="27.623" errors="0" timestamp="2022-09-02T11:00:51 IST" skipped="0">
  <testcase classname="testcases.CreateNewCustomer" name="LoginPage" time="23.803"/>
  <system-out/>
  <testcase classname="testcases.CreateNewCustomer" name="createNewCustomer" time="3.820"/>
  <system-out/>
</testsuite> <!-- testcases.CreateNewCustomer -->
