<?xml version="1.0" encoding="UTF-8"?>
<!-- Generated by org.testng.reporters.JUnitReportReporter -->
<testsuite hostname="LAPTOP-RDR3QR6H" failures="0" tests="2" name="testcases.AddBestSellerItemToWishList" time="20.932" errors="0" timestamp="2022-09-15T14:11:29 IST" skipped="0">
  <testcase classname="testcases.AddBestSellerItemToWishList" name="LoginPage" time="2.731"/>
  <system-out/>
  <testcase classname="testcases.AddBestSellerItemToWishList" name="BestSellerBook" time="18.201"/>
  <system-out/>
</testsuite> <!-- testcases.AddBestSellerItemToWishList -->
