<?xml version="1.0" encoding="UTF-8"?>
<!-- Generated by org.testng.reporters.JUnitReportReporter -->
<testsuite hostname="DESKTOP-LLE4103" failures="0" tests="2" name="testcases.ViewOrders" time="13.631" errors="0" timestamp="2022-09-23T14:21:44 IST" skipped="0">
  <testcase classname="testcases.ViewOrders" name="LoginPage" time="2.777"/>
  <system-out/>
  <testcase classname="testcases.ViewOrders" name="ViewOrdersPage" time="10.854"/>
  <system-out/>
</testsuite> <!-- testcases.ViewOrders -->
