<?xml version="1.0" encoding="UTF-8"?>
<!-- Generated by org.testng.reporters.JUnitReportReporter -->
<testsuite hostname="LAPTOP-RDR3QR6H" failures="0" tests="2" name="testcases.AddNewAddress" time="10.971" errors="0" timestamp="2022-09-21T17:13:38 IST" skipped="0">
  <testcase classname="testcases.AddNewAddress" name="LoginPage" time="1.217"/>
  <system-out/>
  <testcase classname="testcases.AddNewAddress" name="createNewAddress" time="9.754"/>
  <system-out/>
</testsuite> <!-- testcases.AddNewAddress -->
