<?xml version="1.0" encoding="UTF-8"?>
<!-- Generated by org.testng.reporters.JUnitReportReporter -->
<testsuite hostname="DESKTOP-LLE4103" failures="0" tests="2" name="testcases.ViewOrders" time="19.838" errors="0" timestamp="2022-09-20T15:45:08 IST" skipped="0">
  <testcase classname="testcases.ViewOrders" name="LoginPage" time="2.416"/>
  <system-out/>
  <testcase classname="testcases.ViewOrders" name="ViewOrdersPage" time="17.422"/>
  <system-out/>
</testsuite> <!-- testcases.ViewOrders -->
