<?xml version="1.0" encoding="UTF-8"?>
<!-- Generated by org.testng.reporters.JUnitReportReporter -->
<testsuite hostname="LAPTOP-RDR3QR6H" failures="0" tests="2" name="testcases.AddItemToCart" time="24.266" errors="0" timestamp="2022-09-20T10:22:13 IST" skipped="0">
  <testcase classname="testcases.AddItemToCart" name="loginToAmazon" time="0.989"/>
  <system-out/>
  <testcase classname="testcases.AddItemToCart" name="searchItemAndAddToCart" time="23.277"/>
  <system-out/>
</testsuite> <!-- testcases.AddItemToCart -->
