<?xml version="1.0" encoding="UTF-8"?>
<!-- Generated by org.testng.reporters.JUnitReportReporter -->
<testsuite hostname="LAPTOP-RDR3QR6H" failures="0" tests="2" name="testcases.AddLaptopToCart" time="12.736" errors="0" timestamp="2022-10-12T10:00:47 IST" skipped="0">
  <testcase classname="testcases.AddLaptopToCart" name="LoginPage" time="1.237"/>
  <system-out/>
  <testcase classname="testcases.AddLaptopToCart" name="addLaptopToWishList" time="11.499"/>
  <system-out/>
</testsuite> <!-- testcases.AddLaptopToCart -->
