<?xml version="1.0" encoding="UTF-8"?>
<!-- Generated by org.testng.reporters.JUnitReportReporter -->
<testsuite hostname="DESKTOP-LLE4103" failures="0" tests="2" name="testcases.AddSportsFitnessItemToWishList" time="46.791" errors="0" timestamp="2022-09-27T13:37:53 IST" skipped="0">
  <testcase classname="testcases.AddSportsFitnessItemToWishList" name="LoginPage" time="2.323"/>
  <system-out/>
  <testcase classname="testcases.AddSportsFitnessItemToWishList" name="BestSellerBook" time="44.468"/>
  <system-out/>
</testsuite> <!-- testcases.AddSportsFitnessItemToWishList -->
