<?xml version="1.0" encoding="UTF-8"?>
<!-- Generated by org.testng.reporters.JUnitReportReporter -->
<<<<<<< HEAD
<testsuite hostname="LAPTOP-RDR3QR6H" failures="0" tests="1" name="testcases.LoginValidCred" time="2.921" errors="0" timestamp="2022-10-07T14:30:03 IST" skipped="0">
  <testcase classname="testcases.LoginValidCred" name="loginWithValidCredentails" time="2.921"/>
=======
<testsuite hostname="DESKTOP-LLE4103" failures="0" tests="1" name="testcases.LoginValidCred" time="7.217" errors="0" timestamp="2022-09-29T11:37:06 IST" skipped="0">
  <testcase classname="testcases.LoginValidCred" name="loginWithValidCredentails" time="7.217"/>
>>>>>>> branch 'master' of https://github.com/rageshragav/DemoJavaProj.git
  <system-out/>
</testsuite> <!-- testcases.LoginValidCred -->
