<?xml version="1.0" encoding="UTF-8"?>
<!-- Generated by org.testng.reporters.JUnitReportReporter -->
<testsuite hostname="DESKTOP-LLE4103" failures="0" tests="1" name="testcases.LoginValidCred" time="10.216" errors="0" timestamp="2022-09-21T13:37:56 IST" skipped="0">
  <testcase classname="testcases.LoginValidCred" name="loginWithValidCredentails" time="10.216"/>
  <system-out/>
</testsuite> <!-- testcases.LoginValidCred -->
