<?xml version="1.0" encoding="UTF-8"?>
<!-- Generated by org.testng.reporters.JUnitReportReporter -->
<testsuite hostname="DESKTOP-LLE4103" failures="0" tests="2" name="testcases.AddBestSellerItemToWishList" time="49.283" errors="0" timestamp="2022-09-21T15:47:05 IST" skipped="0">
  <testcase classname="testcases.AddBestSellerItemToWishList" name="LoginPage" time="2.736"/>
  <system-out/>
  <testcase classname="testcases.AddBestSellerItemToWishList" name="BestSellerBook" time="46.547"/>
  <system-out/>
</testsuite> <!-- testcases.AddBestSellerItemToWishList -->
