<?xml version="1.0" encoding="UTF-8"?>
<!-- Generated by org.testng.reporters.JUnitReportReporter -->
<testsuite hostname="DESKTOP-LLE4103" failures="0" tests="2" name="testcases.AddMensTshirtToCart" time="71.410" errors="0" timestamp="2022-10-17T15:20:40 IST" skipped="0">
  <testcase classname="testcases.AddMensTshirtToCart" name="LoginPage" time="3.171"/>
  <system-out/>
  <testcase classname="testcases.AddMensTshirtToCart" name="MensTshirtProduct" time="68.239"/>
  <system-out/>
</testsuite> <!-- testcases.AddMensTshirtToCart -->
