<?xml version="1.0" encoding="UTF-8"?>
<!-- Generated by org.testng.reporters.JUnitReportReporter -->
<testsuite hostname="LAPTOP-RDR3QR6H" failures="0" tests="2" name="testcases.AddNewAddress" time="13.931" errors="0" timestamp="2022-09-06T16:06:56 IST" skipped="0">
  <testcase classname="testcases.AddNewAddress" name="LoginPage" time="1.284"/>
  <system-out/>
  <testcase classname="testcases.AddNewAddress" name="createNewAddress" time="12.647"/>
  <system-out/>
</testsuite> <!-- testcases.AddNewAddress -->
