<?xml version="1.0" encoding="UTF-8"?>
<!-- Generated by org.testng.reporters.JUnitReportReporter -->
<testsuite hostname="LAPTOP-RDR3QR6H" failures="0" tests="2" name="testcases.AddItemToCart" time="26.979" errors="0" timestamp="2022-09-16T14:52:00 IST" skipped="0">
  <testcase classname="testcases.AddItemToCart" name="loginToAmazon" time="1.472"/>
  <system-out/>
  <testcase classname="testcases.AddItemToCart" name="searchItemAndAddToCart" time="25.507"/>
  <system-out/>
</testsuite> <!-- testcases.AddItemToCart -->
