<?xml version="1.0" encoding="UTF-8"?>
<!-- Generated by org.testng.reporters.JUnitReportReporter -->
<<<<<<< HEAD
<testsuite hostname="LAPTOP-RDR3QR6H" failures="0" tests="1" name="testcases.LoginValidCred" time="1.144" errors="0" timestamp="2022-09-20T13:15:48 IST" skipped="0">
  <testcase classname="testcases.LoginValidCred" name="loginWithValidCredentails" time="1.144"/>
  <system-out/>
</testsuite> <!-- testcases.LoginValidCred -->
=======
<testsuite hostname="DESKTOP-LLE4103" failures="0" tests="1" name="testcases.LoginValidCred" time="3.510" errors="0" timestamp="2022-09-20T15:59:31 IST" skipped="0">
  <testcase classname="testcases.LoginValidCred" name="loginWithValidCredentails" time="3.510"/>
  <system-out/>
</testsuite> <!-- testcases.LoginValidCred -->
>>>>>>> branch 'master' of https://github.com/rageshragav/DemoJavaProj.git
