<?xml version="1.0" encoding="UTF-8"?>
<!-- Generated by org.testng.reporters.JUnitReportReporter -->
<testsuite hostname="LAPTOP-RDR3QR6H" failures="0" tests="4" name="testcases.AddMultipleCategItems" time="27.341" errors="0" timestamp="2022-10-18T13:19:26 IST" skipped="0">
  <testcase classname="testcases.AddMultipleCategItems" name="LoginPage" time="1.258"/>
  <system-out/>
  <testcase classname="testcases.AddMultipleCategItems" name="addEchoDottoCart" time="4.091"/>
  <system-out/>
  <testcase classname="testcases.AddMultipleCategItems" name="addFireSticktoCart" time="3.977"/>
  <system-out/>
  <testcase classname="testcases.AddMultipleCategItems" name="addToyToCart" time="18.015"/>
  <system-out/>
</testsuite> <!-- testcases.AddMultipleCategItems -->
