<?xml version="1.0" encoding="UTF-8"?>
<!-- Generated by org.testng.reporters.JUnitReportReporter -->
<testsuite hostname="LAPTOP-RDR3QR6H" failures="0" tests="1" name="testcases.LoginValidCred" time="1.494" errors="0" timestamp="2022-09-16T18:56:20 IST" skipped="0">
  <testcase classname="testcases.LoginValidCred" name="loginWithValidCredentails" time="1.494"/>
  <system-out/>
</testsuite> <!-- testcases.LoginValidCred -->
