<?xml version="1.0" encoding="UTF-8"?>
<!-- Generated by org.testng.reporters.JUnitReportReporter -->
<testsuite hostname="DESKTOP-LLE4103" failures="0" tests="2" name="testcases.AddHomeImprovementItemsToWishList" time="77.275" errors="0" timestamp="2022-09-23T14:21:44 IST" skipped="0">
  <testcase classname="testcases.AddHomeImprovementItemsToWishList" name="LoginPage" time="2.860"/>
  <system-out/>
  <testcase classname="testcases.AddHomeImprovementItemsToWishList" name="addHomeImprovementsToWishList" time="74.415"/>
  <system-out/>
</testsuite> <!-- testcases.AddHomeImprovementItemsToWishList -->
