<?xml version="1.0" encoding="UTF-8"?>
<!-- Generated by org.testng.reporters.JUnitReportReporter -->
<testsuite hostname="DESKTOP-LLE4103" failures="0" tests="2" name="testcases.AddBestSellerItemToWishList" time="41.099" errors="0" timestamp="2022-09-27T14:30:36 IST" skipped="0">
  <testcase classname="testcases.AddBestSellerItemToWishList" name="LoginPage" time="2.653"/>
  <system-out/>
  <testcase classname="testcases.AddBestSellerItemToWishList" name="BestSellerBook" time="38.446"/>
  <system-out/>
</testsuite> <!-- testcases.AddBestSellerItemToWishList -->
