<?xml version="1.0" encoding="UTF-8"?>
<!-- Generated by org.testng.reporters.JUnitReportReporter -->
<testsuite hostname="DESKTOP-LLE4103" failures="0" tests="2" name="testcases.AddItemToCart" time="57.717" errors="0" timestamp="2022-09-20T15:21:25 IST" skipped="0">
  <testcase classname="testcases.AddItemToCart" name="loginToAmazon" time="2.942"/>
  <system-out/>
  <testcase classname="testcases.AddItemToCart" name="searchItemAndAddToCart" time="54.775"/>
  <system-out/>
</testsuite> <!-- testcases.AddItemToCart -->
