<?xml version="1.0" encoding="UTF-8"?>
<!-- Generated by org.testng.reporters.JUnitReportReporter -->
<testsuite hostname="LAPTOP-RDR3QR6H" failures="0" tests="1" name="base.BaseClass" time="5.803" errors="0" timestamp="2022-08-26T16:14:32 IST" skipped="0">
  <testcase classname="base.BaseClass" name="launchBrowser" time="5.803"/>
  <system-out/>
</testsuite> <!-- base.BaseClass -->
