<?xml version="1.0" encoding="UTF-8"?>
<!-- Generated by org.testng.reporters.JUnitReportReporter -->
<testsuite hostname="LAPTOP-RDR3QR6H" failures="0" tests="2" name="testcases.AddItemToCart" time="27.170" errors="0" timestamp="2022-09-20T13:15:48 IST" skipped="0">
  <testcase classname="testcases.AddItemToCart" name="loginToAmazon" time="1.129"/>
  <system-out/>
  <testcase classname="testcases.AddItemToCart" name="searchItemAndAddToCart" time="26.041"/>
  <system-out/>
</testsuite> <!-- testcases.AddItemToCart -->
