<?xml version="1.0" encoding="UTF-8"?>
<!-- Generated by org.testng.reporters.JUnitReportReporter -->
<testsuite hostname="LAPTOP-RDR3QR6H" failures="0" tests="2" name="testcases.AddItemToCart" time="54.203" errors="0" timestamp="2022-10-07T14:30:03 IST" skipped="0">
  <testcase classname="testcases.AddItemToCart" name="loginToAmazon" time="1.122"/>
  <system-out/>
  <testcase classname="testcases.AddItemToCart" name="searchItemAndAddToCart" time="53.081"/>
  <system-out/>
</testsuite> <!-- testcases.AddItemToCart -->
