<?xml version="1.0" encoding="UTF-8"?>
<!-- Generated by org.testng.reporters.JUnitReportReporter -->
<testsuite hostname="DESKTOP-LLE4103" failures="0" tests="2" name="testcases.AddSportsFitnessItemToWishList" time="77.275" errors="0" timestamp="2022-09-22T18:10:58 IST" skipped="0">
  <testcase classname="testcases.AddSportsFitnessItemToWishList" name="LoginPage" time="2.775"/>
  <system-out/>
  <testcase classname="testcases.AddSportsFitnessItemToWishList" name="BestSellerBook" time="74.500"/>
  <system-out/>
</testsuite> <!-- testcases.AddSportsFitnessItemToWishList -->
