<?xml version="1.0" encoding="UTF-8"?>
<!-- Generated by org.testng.reporters.JUnitReportReporter -->
<testsuite hostname="DESKTOP-LLE4103" failures="0" tests="2" name="testcases.AddSmatphoneInCartBasedOnSpecifications" time="95.366" errors="0" timestamp="2022-10-04T15:40:46 IST" skipped="0">
  <testcase classname="testcases.AddSmatphoneInCartBasedOnSpecifications" name="LoginPage" time="3.214"/>
  <system-out/>
  <testcase classname="testcases.AddSmatphoneInCartBasedOnSpecifications" name="SmartPhoneProduct" time="92.152"/>
  <system-out/>
</testsuite> <!-- testcases.AddSmatphoneInCartBasedOnSpecifications -->
