<?xml version="1.0" encoding="UTF-8"?>
<!-- Generated by org.testng.reporters.JUnitReportReporter -->
<testsuite hostname="LAPTOP-RDR3QR6H" failures="0" tests="1" name="testcases.Testclass" time="3.517" errors="0" timestamp="2022-08-30T13:52:54 IST" skipped="0">
  <testcase classname="testcases.Testclass" name="toVerifyNewCustomerTab" time="3.517"/>
  <system-out/>
</testsuite> <!-- testcases.Testclass -->
