<?xml version="1.0" encoding="UTF-8"?>
<!-- Generated by org.testng.reporters.JUnitReportReporter -->
<<<<<<< HEAD
<testsuite hostname="LAPTOP-RDR3QR6H" failures="0" tests="1" name="testcases.LoginValidCred" time="2.493" errors="0" timestamp="2022-09-21T17:28:51 IST" skipped="0">
  <testcase classname="testcases.LoginValidCred" name="loginWithValidCredentails" time="2.493"/>
  <system-out/>
</testsuite> <!-- testcases.LoginValidCred -->
=======
<testsuite hostname="DESKTOP-LLE4103" failures="0" tests="1" name="testcases.LoginValidCred" time="10.216" errors="0" timestamp="2022-09-21T13:37:56 IST" skipped="0">
  <testcase classname="testcases.LoginValidCred" name="loginWithValidCredentails" time="10.216"/>
  <system-out/>
</testsuite> <!-- testcases.LoginValidCred -->
>>>>>>> branch 'master' of https://github.com/rageshragav/DemoJavaProj.git
