<?xml version="1.0" encoding="UTF-8"?>
<!-- Generated by org.testng.reporters.JUnitReportReporter -->
<<<<<<< HEAD
<testsuite hostname="LAPTOP-RDR3QR6H" failures="0" tests="1" name="testcases.LoginValidCred" time="1.450" errors="0" timestamp="2022-09-13T15:40:53 IST" skipped="0">
  <testcase classname="testcases.LoginValidCred" name="loginWithValidCredentails" time="1.450"/>
  <system-out/>
</testsuite> <!-- testcases.LoginValidCred -->
=======
<testsuite hostname="DESKTOP-LLE4103" failures="0" tests="1" name="testcases.LoginValidCred" time="5.684" errors="0" timestamp="2022-09-14T14:51:00 IST" skipped="0">
  <testcase classname="testcases.LoginValidCred" name="loginWithValidCredentails" time="5.684"/>
  <system-out/>
</testsuite> <!-- testcases.LoginValidCred -->
>>>>>>> branch 'master' of https://github.com/rageshragav/DemoJavaProj.git
