<?xml version="1.0" encoding="UTF-8"?>
<!-- Generated by org.testng.reporters.JUnitReportReporter -->
<testsuite hostname="LAPTOP-RDR3QR6H" failures="0" tests="1" name="testcases.LoginValidCred" time="1.319" errors="0" timestamp="2022-09-16T14:44:40 IST" skipped="0">
  <testcase classname="testcases.LoginValidCred" name="loginWithValidCredentails" time="1.319"/>
  <system-out/>
</testsuite> <!-- testcases.LoginValidCred -->
