<?xml version="1.0" encoding="UTF-8"?>
<!-- Generated by org.testng.reporters.JUnitReportReporter -->
<testsuite hostname="LAPTOP-RDR3QR6H" failures="0" tests="1" name="testcases.LoginValidCred" time="2.493" errors="0" timestamp="2022-09-21T17:28:51 IST" skipped="0">
  <testcase classname="testcases.LoginValidCred" name="loginWithValidCredentails" time="2.493"/>
  <system-out/>
</testsuite> <!-- testcases.LoginValidCred -->
