<?xml version="1.0" encoding="UTF-8"?>
<!-- Generated by org.testng.reporters.JUnitReportReporter -->
<testsuite hostname="DESKTOP-LLE4103" failures="0" tests="2" name="testcases.AddBestSellerItemToWishList" time="46.807" errors="0" timestamp="2022-09-23T14:21:44 IST" skipped="0">
  <testcase classname="testcases.AddBestSellerItemToWishList" name="LoginPage" time="3.584"/>
  <system-out/>
  <testcase classname="testcases.AddBestSellerItemToWishList" name="BestSellerBook" time="43.223"/>
  <system-out/>
</testsuite> <!-- testcases.AddBestSellerItemToWishList -->
