<?xml version="1.0" encoding="UTF-8"?>
<!-- Generated by org.testng.reporters.JUnitReportReporter -->
<testsuite hostname="LAPTOP-RDR3QR6H" failures="0" tests="2" name="testcases.ViewOrders" time="7.415" errors="0" timestamp="2022-10-07T14:30:03 IST" skipped="0">
  <testcase classname="testcases.ViewOrders" name="LoginPage" time="1.089"/>
  <system-out/>
  <testcase classname="testcases.ViewOrders" name="ViewOrdersPage" time="6.326"/>
  <system-out/>
</testsuite> <!-- testcases.ViewOrders -->
