<?xml version="1.0" encoding="UTF-8"?>
<!-- Generated by org.testng.reporters.JUnitReportReporter -->
<testsuite hostname="LAPTOP-RDR3QR6H" failures="0" tests="2" name="testcases.AddHomeImprovementItemsToWishList" time="34.221" errors="0" timestamp="2022-09-23T17:26:06 IST" skipped="0">
  <testcase classname="testcases.AddHomeImprovementItemsToWishList" name="LoginPage" time="4.929"/>
  <system-out/>
  <testcase classname="testcases.AddHomeImprovementItemsToWishList" name="addHomeImprovementsToWishList" time="29.292"/>
  <system-out/>
</testsuite> <!-- testcases.AddHomeImprovementItemsToWishList -->
