<?xml version="1.0" encoding="UTF-8"?>
<!-- Generated by org.testng.reporters.JUnitReportReporter -->
<testsuite hostname="DESKTOP-LLE4103" failures="0" tests="2" name="testcases.AddHomeImprovementItemsToWishList" time="72.161" errors="0" timestamp="2022-09-20T15:21:25 IST" skipped="0">
  <testcase classname="testcases.AddHomeImprovementItemsToWishList" name="LoginPage" time="2.928"/>
  <system-out/>
  <testcase classname="testcases.AddHomeImprovementItemsToWishList" name="addHomeImprovementsToWishList" time="69.233"/>
  <system-out/>
</testsuite> <!-- testcases.AddHomeImprovementItemsToWishList -->
