<?xml version="1.0" encoding="UTF-8"?>
<!-- Generated by org.testng.reporters.JUnitReportReporter -->
<testsuite hostname="DESKTOP-LLE4103" failures="0" tests="2" name="testcases.AddSportsFitnessItemToWishList" time="70.507" errors="0" timestamp="2022-09-23T14:21:44 IST" skipped="0">
  <testcase classname="testcases.AddSportsFitnessItemToWishList" name="LoginPage" time="2.229"/>
  <system-out/>
  <testcase classname="testcases.AddSportsFitnessItemToWishList" name="BestSellerBook" time="68.278"/>
  <system-out/>
</testsuite> <!-- testcases.AddSportsFitnessItemToWishList -->
