<?xml version="1.0" encoding="UTF-8"?>
<!-- Generated by org.testng.reporters.JUnitReportReporter -->
<<<<<<< HEAD
<testsuite hostname="DESKTOP-LLE4103" failures="0" tests="2" name="testcases.AddItemToCart" time="51.300" errors="0" timestamp="2022-09-27T13:37:54 IST" skipped="0">
  <testcase classname="testcases.AddItemToCart" name="loginToAmazon" time="2.685"/>
=======
<testsuite hostname="LAPTOP-RDR3QR6H" failures="0" tests="2" name="testcases.AddItemToCart" time="26.540" errors="0" timestamp="2022-09-23T17:26:06 IST" skipped="0">
  <testcase classname="testcases.AddItemToCart" name="loginToAmazon" time="2.180"/>
>>>>>>> branch 'master' of https://github.com/rageshragav/DemoJavaProj
  <system-out/>
<<<<<<< HEAD
  <testcase classname="testcases.AddItemToCart" name="searchItemAndAddToCart" time="48.615"/>
=======
  <testcase classname="testcases.AddItemToCart" name="searchItemAndAddToCart" time="24.360"/>
>>>>>>> branch 'master' of https://github.com/rageshragav/DemoJavaProj
  <system-out/>
</testsuite> <!-- testcases.AddItemToCart -->
