<?xml version="1.0" encoding="UTF-8"?>
<!-- Generated by org.testng.reporters.JUnitReportReporter -->
<testsuite hostname="LAPTOP-RDR3QR6H" failures="0" tests="1" name="testcases.LoginValidCred" time="1.093" errors="0" timestamp="2022-09-09T11:47:12 IST" skipped="0">
  <testcase classname="testcases.LoginValidCred" name="loginScenarios" time="1.093"/>
  <system-out/>
</testsuite> <!-- testcases.LoginValidCred -->
