<?xml version="1.0" encoding="UTF-8"?>
<!-- Generated by org.testng.reporters.JUnitReportReporter -->
<<<<<<< HEAD
<testsuite hostname="DESKTOP-LLE4103" failures="0" tests="2" name="testcases.AddBestSellerItemToWishList" time="41.099" errors="0" timestamp="2022-09-27T14:30:36 IST" skipped="0">
  <testcase classname="testcases.AddBestSellerItemToWishList" name="LoginPage" time="2.653"/>
=======
<testsuite hostname="LAPTOP-RDR3QR6H" failures="0" tests="2" name="testcases.AddBestSellerItemToWishList" time="16.927" errors="0" timestamp="2022-09-23T17:26:06 IST" skipped="0">
  <testcase classname="testcases.AddBestSellerItemToWishList" name="LoginPage" time="1.949"/>
>>>>>>> branch 'master' of https://github.com/rageshragav/DemoJavaProj
  <system-out/>
<<<<<<< HEAD
  <testcase classname="testcases.AddBestSellerItemToWishList" name="BestSellerBook" time="38.446"/>
=======
  <testcase classname="testcases.AddBestSellerItemToWishList" name="BestSellerBook" time="14.978"/>
>>>>>>> branch 'master' of https://github.com/rageshragav/DemoJavaProj
  <system-out/>
</testsuite> <!-- testcases.AddBestSellerItemToWishList -->
