<?xml version="1.0" encoding="UTF-8"?>
<!-- Generated by org.testng.reporters.JUnitReportReporter -->
<testsuite hostname="DESKTOP-LLE4103" failures="0" tests="2" name="testcases.ViewOrders" time="11.000" errors="0" timestamp="2022-09-27T13:37:53 IST" skipped="0">
  <testcase classname="testcases.ViewOrders" name="LoginPage" time="2.852"/>
  <system-out/>
  <testcase classname="testcases.ViewOrders" name="ViewOrdersPage" time="8.148"/>
  <system-out/>
</testsuite> <!-- testcases.ViewOrders -->
