<?xml version="1.0" encoding="UTF-8"?>
<!-- Generated by org.testng.reporters.JUnitReportReporter -->
<testsuite hostname="LAPTOP-RDR3QR6H" failures="0" tests="2" name="testcases.ViewOrders" time="6.748" errors="0" timestamp="2022-09-20T13:15:48 IST" skipped="0">
  <testcase classname="testcases.ViewOrders" name="LoginPage" time="1.175"/>
  <system-out/>
  <testcase classname="testcases.ViewOrders" name="ViewOrdersPage" time="5.573"/>
  <system-out/>
</testsuite> <!-- testcases.ViewOrders -->
