<?xml version="1.0" encoding="UTF-8"?>
<!-- Generated by org.testng.reporters.JUnitReportReporter -->
<testsuite hostname="LAPTOP-RDR3QR6H" failures="0" tests="2" name="testcases.AddHomeImprovementItemsToWishList" time="53.871" errors="0" timestamp="2022-09-21T15:21:14 IST" skipped="0">
  <testcase classname="testcases.AddHomeImprovementItemsToWishList" name="LoginPage" time="1.343"/>
  <system-out/>
  <testcase classname="testcases.AddHomeImprovementItemsToWishList" name="addHomeImprovementsToWishList" time="52.528"/>
  <system-out/>
</testsuite> <!-- testcases.AddHomeImprovementItemsToWishList -->
