<?xml version="1.0" encoding="UTF-8"?>
<!-- Generated by org.testng.reporters.JUnitReportReporter -->
<<<<<<< HEAD
<testsuite hostname="LAPTOP-RDR3QR6H" failures="0" tests="2" name="testcases.ViewOrders" time="6.748" errors="0" timestamp="2022-09-20T13:15:48 IST" skipped="0">
  <testcase classname="testcases.ViewOrders" name="LoginPage" time="1.175"/>
=======
<testsuite hostname="DESKTOP-LLE4103" failures="0" tests="2" name="testcases.ViewOrders" time="19.838" errors="0" timestamp="2022-09-20T15:45:08 IST" skipped="0">
  <testcase classname="testcases.ViewOrders" name="LoginPage" time="2.416"/>
>>>>>>> branch 'master' of https://github.com/rageshragav/DemoJavaProj.git
  <system-out/>
<<<<<<< HEAD
  <testcase classname="testcases.ViewOrders" name="ViewOrdersPage" time="5.573"/>
=======
  <testcase classname="testcases.ViewOrders" name="ViewOrdersPage" time="17.422"/>
>>>>>>> branch 'master' of https://github.com/rageshragav/DemoJavaProj.git
  <system-out/>
</testsuite> <!-- testcases.ViewOrders -->
