<?xml version="1.0" encoding="UTF-8"?>
<!-- Generated by org.testng.reporters.JUnitReportReporter -->
<testsuite hostname="DESKTOP-LLE4103" failures="0" tests="2" name="testcases.AddBabyProductToCartViaWishList" time="75.192" errors="0" timestamp="2022-09-27T15:47:43 IST" skipped="0">
  <testcase classname="testcases.AddBabyProductToCartViaWishList" name="LoginPage" time="2.392"/>
  <system-out/>
  <testcase classname="testcases.AddBabyProductToCartViaWishList" name="BabyProduct" time="72.800"/>
  <system-out/>
</testsuite> <!-- testcases.AddBabyProductToCartViaWishList -->
