<?xml version="1.0" encoding="UTF-8"?>
<!-- Generated by org.testng.reporters.JUnitReportReporter -->
<testsuite hostname="LAPTOP-RDR3QR6H" failures="0" tests="2" name="testcases.AddHomeImprovementItemsToWishList" time="30.942" errors="0" timestamp="2022-09-20T10:22:13 IST" skipped="0">
  <testcase classname="testcases.AddHomeImprovementItemsToWishList" name="LoginPage" time="1.082"/>
  <system-out/>
  <testcase classname="testcases.AddHomeImprovementItemsToWishList" name="addHomeImprovementsToWishList" time="29.860"/>
  <system-out/>
</testsuite> <!-- testcases.AddHomeImprovementItemsToWishList -->
