<?xml version="1.0" encoding="UTF-8"?>
<!-- Generated by org.testng.reporters.JUnitReportReporter -->
<testsuite hostname="LAPTOP-RDR3QR6H" failures="0" tests="2" name="testcases.AddNewAddress" time="10.679" errors="0" timestamp="2022-09-07T13:19:42 IST" skipped="0">
  <testcase classname="testcases.AddNewAddress" name="LoginPage" time="1.349"/>
  <system-out/>
  <testcase classname="testcases.AddNewAddress" name="createNewAddress" time="9.330"/>
  <system-out/>
</testsuite> <!-- testcases.AddNewAddress -->
