<?xml version="1.0" encoding="UTF-8"?>
<!-- Generated by org.testng.reporters.JUnitReportReporter -->
<testsuite hostname="LAPTOP-RDR3QR6H" failures="0" tests="2" name="testcases.ViewOrders" time="7.901" errors="0" timestamp="2022-09-23T17:26:06 IST" skipped="0">
  <testcase classname="testcases.ViewOrders" name="LoginPage" time="2.080"/>
  <system-out/>
  <testcase classname="testcases.ViewOrders" name="ViewOrdersPage" time="5.821"/>
  <system-out/>
</testsuite> <!-- testcases.ViewOrders -->
