<?xml version="1.0" encoding="UTF-8"?>
<!-- Generated by org.testng.reporters.JUnitReportReporter -->
<testsuite hostname="LAPTOP-RDR3QR6H" failures="0" tests="1" name="testcases.Testclass" time="3.092" errors="0" timestamp="2022-08-29T11:20:19 IST" skipped="0">
  <testcase classname="testcases.Testclass" name="login" time="3.092"/>
  <system-out/>
</testsuite> <!-- testcases.Testclass -->
