<?xml version="1.0" encoding="UTF-8"?>
<!-- Generated by org.testng.reporters.JUnitReportReporter -->
<testsuite hostname="LAPTOP-RDR3QR6H" failures="0" tests="3" name="testcases.AddMultipleVehicleInGarage" time="20.526" errors="0" timestamp="2022-10-03T11:48:11 IST" skipped="0">
  <testcase classname="testcases.AddMultipleVehicleInGarage" name="LoginPage" time="1.580"/>
  <system-out/>
  <testcase classname="testcases.AddMultipleVehicleInGarage" name="AddNewVehicle" time="10.662"/>
  <system-out/>
  <testcase classname="testcases.AddMultipleVehicleInGarage" name="AddNewVehicle" time="8.284"/>
  <system-out/>
</testsuite> <!-- testcases.AddMultipleVehicleInGarage -->
