<?xml version="1.0" encoding="UTF-8"?>
<!-- Generated by org.testng.reporters.JUnitReportReporter -->
<<<<<<< HEAD
<testsuite hostname="LAPTOP-RDR3QR6H" failures="0" tests="2" name="testcases.AddHomeImprovementItemsToWishList" time="35.709" errors="0" timestamp="2022-09-20T19:14:15 IST" skipped="0">
  <testcase classname="testcases.AddHomeImprovementItemsToWishList" name="LoginPage" time="1.262"/>
  <system-out/>
  <testcase classname="testcases.AddHomeImprovementItemsToWishList" name="addHomeImprovementsToWishList" time="34.447"/>
  <system-out/>
</testsuite> <!-- testcases.AddHomeImprovementItemsToWishList -->
=======
<testsuite hostname="DESKTOP-LLE4103" failures="0" tests="2" name="testcases.AddHomeImprovementItemsToWishList" time="72.161" errors="0" timestamp="2022-09-20T15:21:25 IST" skipped="0">
  <testcase classname="testcases.AddHomeImprovementItemsToWishList" name="LoginPage" time="2.928"/>
  <system-out/>
  <testcase classname="testcases.AddHomeImprovementItemsToWishList" name="addHomeImprovementsToWishList" time="69.233"/>
  <system-out/>
</testsuite> <!-- testcases.AddHomeImprovementItemsToWishList -->
>>>>>>> branch 'master' of https://github.com/rageshragav/DemoJavaProj.git
