<?xml version="1.0" encoding="UTF-8"?>
<!-- Generated by org.testng.reporters.JUnitReportReporter -->
<testsuite hostname="LAPTOP-RDR3QR6H" failures="0" tests="2" name="testcases.ViewOrders" time="7.138" errors="0" timestamp="2022-09-20T10:22:13 IST" skipped="0">
  <testcase classname="testcases.ViewOrders" name="LoginPage" time="1.139"/>
  <system-out/>
  <testcase classname="testcases.ViewOrders" name="ViewOrdersPage" time="5.999"/>
  <system-out/>
</testsuite> <!-- testcases.ViewOrders -->
