<?xml version="1.0" encoding="UTF-8"?>
<!-- Generated by org.testng.reporters.JUnitReportReporter -->
<testsuite hostname="LAPTOP-RDR3QR6H" failures="0" tests="2" name="testcases.AddItemToCart" time="26.540" errors="0" timestamp="2022-09-23T17:26:06 IST" skipped="0">
  <testcase classname="testcases.AddItemToCart" name="loginToAmazon" time="2.180"/>
  <system-out/>
  <testcase classname="testcases.AddItemToCart" name="searchItemAndAddToCart" time="24.360"/>
  <system-out/>
</testsuite> <!-- testcases.AddItemToCart -->
