<?xml version="1.0" encoding="UTF-8"?>
<!-- Generated by org.testng.reporters.JUnitReportReporter -->
<testsuite hostname="LAPTOP-RDR3QR6H" failures="0" tests="1" name="testcases.LoginValidCred" time="1.549" errors="0" timestamp="2022-09-06T10:58:08 IST" skipped="0">
  <testcase classname="testcases.LoginValidCred" name="loginScenarios" time="1.549"/>
  <system-out/>
</testsuite> <!-- testcases.LoginValidCred -->
