<?xml version="1.0" encoding="UTF-8"?>
<!-- Generated by org.testng.reporters.JUnitReportReporter -->
<testsuite hostname="DESKTOP-LLE4103" failures="0" tests="2" name="testcases.AddItemToCart" time="58.978" errors="0" timestamp="2022-09-23T14:21:44 IST" skipped="0">
  <testcase classname="testcases.AddItemToCart" name="loginToAmazon" time="2.794"/>
  <system-out/>
  <testcase classname="testcases.AddItemToCart" name="searchItemAndAddToCart" time="56.184"/>
  <system-out/>
</testsuite> <!-- testcases.AddItemToCart -->
