<?xml version="1.0" encoding="UTF-8"?>
<!-- Generated by org.testng.reporters.JUnitReportReporter -->
<testsuite hostname="LAPTOP-RDR3QR6H" failures="0" tests="2" name="testcases.AddVehicleInGarage" time="17.503" errors="0" timestamp="2022-09-28T16:49:10 IST" skipped="0">
  <testcase classname="testcases.AddVehicleInGarage" name="LoginPage" time="1.890"/>
  <system-out/>
  <testcase classname="testcases.AddVehicleInGarage" name="AddNewVehicle" time="15.613"/>
  <system-out/>
</testsuite> <!-- testcases.AddVehicleInGarage -->
