<?xml version="1.0" encoding="UTF-8"?>
<!-- Generated by org.testng.reporters.JUnitReportReporter -->
<testsuite hostname="DESKTOP-LLE4103" failures="0" tests="2" name="testcases.PurchasebestSellerBook" time="28.658" errors="0" timestamp="2022-09-13T12:39:01 IST" skipped="0">
  <testcase classname="testcases.PurchasebestSellerBook" name="LoginPage" time="2.680"/>
  <system-out/>
  <testcase classname="testcases.PurchasebestSellerBook" name="BestSellerBook" time="25.978"/>
  <system-out/>
</testsuite> <!-- testcases.PurchasebestSellerBook -->
