<?xml version="1.0" encoding="UTF-8"?>
<!-- Generated by org.testng.reporters.JUnitReportReporter -->
<testsuite hostname="LAPTOP-RDR3QR6H" failures="0" tests="2" name="testcases.AddItemToCart" time="36.863" errors="0" timestamp="2022-09-21T15:47:06 IST" skipped="0">
  <testcase classname="testcases.AddItemToCart" name="loginToAmazon" time="1.639"/>
  <system-out/>
  <testcase classname="testcases.AddItemToCart" name="searchItemAndAddToCart" time="35.224"/>
  <system-out/>
</testsuite> <!-- testcases.AddItemToCart -->
