<?xml version="1.0" encoding="UTF-8"?>
<!-- Generated by org.testng.reporters.JUnitReportReporter -->
<testsuite hostname="DESKTOP-LLE4103" failures="0" tests="2" name="testcases.ViewOrders" time="16.489" errors="0" timestamp="2022-09-21T15:52:03 IST" skipped="0">
  <testcase classname="testcases.ViewOrders" name="LoginPage" time="2.368"/>
  <system-out/>
  <testcase classname="testcases.ViewOrders" name="ViewOrdersPage" time="14.121"/>
  <system-out/>
</testsuite> <!-- testcases.ViewOrders -->
