<?xml version="1.0" encoding="UTF-8"?>
<!-- Generated by org.testng.reporters.JUnitReportReporter -->
<testsuite hostname="LAPTOP-RDR3QR6H" failures="0" tests="1" name="testcases.LoginValidCred" time="2.921" errors="0" timestamp="2022-10-07T14:30:03 IST" skipped="0">
  <testcase classname="testcases.LoginValidCred" name="loginWithValidCredentails" time="2.921"/>
  <system-out/>
</testsuite> <!-- testcases.LoginValidCred -->
