<?xml version="1.0" encoding="UTF-8"?>
<!-- Generated by org.testng.reporters.JUnitReportReporter -->
<testsuite hostname="DESKTOP-LLE4103" failures="0" tests="1" name="testcases.LoginValidCred" time="7.217" errors="0" timestamp="2022-09-29T11:37:06 IST" skipped="0">
  <testcase classname="testcases.LoginValidCred" name="loginWithValidCredentails" time="7.217"/>
  <system-out/>
</testsuite> <!-- testcases.LoginValidCred -->
